<?xml version="1.0" encoding="UTF-8"?>
<coverage generated="1699469975393" clover="3.2.0">
  <project timestamp="1699469975394" name="All files">
    <metrics statements="11" coveredstatements="11" conditionals="0" coveredconditionals="0" methods="8" coveredmethods="8" elements="19" coveredelements="19" complexity="0" loc="11" ncloc="11" packages="1" files="1" classes="1"/>
    <file name="Counter.jsx" path="C:\Users\Marjo\Documents\Code\private-code-practice\tutorial-react-testing\react-counter\src\Counter.jsx">
      <metrics statements="11" coveredstatements="11" conditionals="0" coveredconditionals="0" methods="8" coveredmethods="8"/>
      <line num="5" count="1" type="stmt"/>
      <line num="6" count="9" type="stmt"/>
      <line num="8" count="9" type="stmt"/>
      <line num="9" count="1" type="stmt"/>
      <line num="12" count="9" type="stmt"/>
      <line num="13" count="1" type="stmt"/>
      <line num="16" count="9" type="stmt"/>
      <line num="17" count="1" type="stmt"/>
      <line num="20" count="9" type="stmt"/>
      <line num="21" count="1" type="stmt"/>
      <line num="24" count="9" type="stmt"/>
    </file>
  </project>
</coverage>
